1669634177619:s a
1669634194914:select author
1669634208241:select author 1
1669634238673:s a
1669634256824:sa
1669634259639:sa 1
1669634336765:sa
1669634338700:sa 1
1669634692286:sa
1669641710883:seleact author 1
1669641722000:select author 1
1669641726200:select author
1669642032260:ca
1669642034755:sa
1669642037459:sa 2
1669642053195:insert author Victor Hugo
1669642055418:sa
1669642061754:da 3
1669642063578:sa
1669642074890:insert author "Victor Hugo"
1669642077081:sa
1669642103057:ua 4 "Jordan Peterson"
1669642105007:sa
1669642108320:sa 4
1669642133199:ua -i 4 -n "Mark Manson"
1669642135806:sa 4
1669642160855:count authors
1669642167493:count author
1669642193964:ca
1669642198660:sa 4
1669642227371:ia "Mark Manson"
1669642430804:sa
1669642441227:ia "Jack London"
1669642444050:sa
1669642451234:ia "Jack Nickolson"
1669642452409:sa
1669642468201:ua -i 4 -n "Jack London"
1669642472712:ca
1669642477752:da 1
1669642480760:sa
1669642922790:sa 555
1669643118831:sg
1669643121974:sg 1
1669643124286:sg 3
1669643131990:select genre
1669643172435:ig Romantic
1669643175132:sg
1669643176899:sg 3
1669643210668:insert genre Romantic
1669643225114:ug 3 Novel
1669643248329:update genre --id 3 --name Hello
1669643294648:select genre 4
1669643295758:sg
1669643303719:insert genre Hello
1669643310559:insert genre Novel
1669643325701:sg
1669643334405:ug -i 3 -n Novel
1669643351686:update genre --id 3 --name "Science fiction"
1669643357260:ug 3 Bye
1669643359956:sg 3
1669643366548:dg 3
1669643372724:delete genre 3
1669643377187:delete genre 2
1669643380979:cg
1669643385595:count genre
1669643390563:ig DDDDDDDDDDD
1669643391930:cg
1669643394866:count genre
1669643486752:sa
1669643491183:ua 3 Hello
1669643493455:sa
1669643504207:cg
1669643516982:ug 4 KKKKKKKKKKKKKKKKK
1669643520277:sg
1669647550046:sb
1669647565325:select book
1669647568348:select book 1
1669647571171:sb 2
1669647578092:count book
1669647579819:cb
1669647614371:ib -n "Thinking in Java" -aid 1 -gid 2
1669647684768:insert book "Thinking in Java" 1 2
1669647686927:sb
1669647702958:sv
1669647705430:sb
1669647706679:cb
1669647791884:sb
1669647793635:sb 1
1669647794931:cb
1669647811266:ib "Thinking in Java" 1 2
1669647813026:sb
1669647815842:sb 3
1669647820786:cb
1669647823162:db 3
1669647837497:select book
1669647840416:count book
1669647864569:insert book -n "Thinking in Java" -aid 2 -gid 1
1669647941069:ib "Thinking in Java" 2 1
1669647943508:sb 4
1669647945508:sb 5
1669647948220:sb
1669647964260:ub 4 "Hello" 1 2
1669647967587:sb 4
1669647976403:sb
1669647983387:ub 4 Hello 1 2
1669647985682:sb 4
1669648080888:sb
1669648082495:sb 2
1669648092807:ib "Hello" 1 2
1669648096094:sb
1669648097349:sb 3
1669648098783:sb 4
1669648108159:update book 3 Bye 2 1
1669648111685:sb 4
1669648117318:sb 3
1669648157844:delete book 5
1669648174195:ub 3 Hi 4 1
1669648297223:sb
1669648309246:ib "I love you" 1 2
1669648311205:sb 3
1669648324221:sb
1669648333268:ub 3 Hi 3 1
1669648344572:ub 3 Hi 1 3
1669648350908:ib By 3 1
1669648356643:ib ffff 1 3
1669648374235:ig Horror
1669648376098:sb
1669648404234:update book 3 "The Dark Tower" 1 3
1669648406641:sb 3
1669648413041:dg 3
1669648417369:cg
1669648419121:cb
1669648422336:db 3
1669648425104:cg
1669648426632:cb
1669648428872:dg 3
1669654940881:ia Hello
1669654943375:sa
1669654959128:update author -i 3 -n Hihi
1669654961175:sa 3
1669654984591:ua --id 3 --name LongName
1669654986478:sa 3
1669655017580:sg
1669655023461:ug Hahaha
1669655030108:ig hahaha
1669655032164:sg 3
1669655046333:update genre --id 3 --name rrrrrrrr
1669655047907:sg 3
1669655055219:ug -i 3 -n bbbbbbb
1669655056898:sg 3
1669655171496:sb
1669655203598:inser book --name Paradiso --author-id 1 --genre-id 2
1669655240284:stacktrace
1669655263659:insert book --name Paradiso --author-id 1 --genre-id 2
1669655266722:sb
1669655282578:ib -n HAHAHA -aid 1 -gid 2
1669655331465:sb
1669655342240:ib -n HAHAHAHA -a 1 -g 3
1669655351911:ib -n JJJJJJJJJ -a -g2
1669655406901:stacktrace
1669655544786:insert book --name Paradiso --author-id 1 --genre-id 2
1669655547847:sb 3
1669655569167:ub 3 --name FFFFFFFFFF --author-id 1 --genre-id 1
1669655571181:sb 3
1669655588622:ub -n Efdsfdsffsd -a 1 -g 1
1669655623677:ub --id 3 --name qqqqqqqqqqq --author-id 2 --genre-id 2
1669655626843:sb 3
1669655644604:ub -i 3 -n nnnnnnnnnnnnn -a 1 -g 1
1669655646634:sb 3
1669741489260:ып
1669741490920:sg
1669741493871:sa
1669741495183:sb
1669741504904:ib "Cool book" 1 2
1669741506775:sb 3
1669741515743:ub 3 AAAAAAAAAAAA 2 1
1669741517870:sb 3
1669741531495:ub 3 KKKKKKKKKKKKK 3 3
1669741559446:in VVVVVVVVVVVVVV 4 4
1669741568486:ib VVVVVVVVVVVVVV 4 4
1669741571629:db 3
1669741572957:cb
1669741574572:cg
1669741575588:ca
