1670077221943:sa
1670077230262:sa 1
1670077251853:ca
1670077265588:ia "Mark Manson"
1670077270012:sa
1670077437710:ia "Stalin"
1670077439372:sa
1670077442893:sb
1670077445988:sg
1670077450460:sa
1670077452052:sa 3
1670077459468:ia Stalin
1670077496395:ua 3 Hitler
1670077497810:sa
1670077521897:da 1
1670077524513:da 3
1670077525888:sa
1670077555303:sg
1670077556783:clear
1670077560008:sg
1670077561559:sg 1
1670077569206:ig Fuck
1670077572510:sg 3
1670077573934:sg
1670077582271:ug 3 Cunt
1670077584278:sg 3
1670077585382:sg
1670077598325:dg 1
1670077600517:dg 3
1670077602262:sg
1670077607981:sb
1670077707049:sb 1
1670077729377:ib "Fucking Great" 1 1
1670077876907:ib Awesome 1 1
1670077880562:sb
1670077980814:ub 3 Cool 2 2
1670078010676:sb
1670078020285:ub 3 Cool 1 1
1670078160704:sb
1670078167919:ub 2 DDDDDDDDDDDD 2 2
1670078184429:stacktrace
1670078232876:sb
1670078234795:sb 2
1670078242043:ub 2 AAAAAAAAAAAAAAAA 2 2
1670078577454:sb
1670078578964:sb 2
1670078582574:ub 2 AAAAAAAAAAAAAAAAAA 2 2
1670078588316:sb 2
1670079293990:db 2
1670079295486:sb
1670079301311:ib FFFFFFFFFFFFFFFFF 1 3
1670079306799:ib FFFFFFFFFFFFFFFFFFFFF 2 1
1670079309014:sb
1670148055649:sbc
1670148057759:sbc 1
1670148062335:sbc 2
1670148065167:sbcb 1
1670148593314:sbcb 2
1670148642087:dbc 4
1670148645814:sbcb 2
1670148665503:ibc 2 "Хахахахаха"
1670148672590:sbcb 2
1670148679286:ibc 2 FFFFFFFFFFFFF
1670148683078:ibc 2 DDDDDDDDDDDDD
1670148685340:sbcb 2
1670148695693:sbcb 1
1670148697692:sbcb 2
1670148710852:ubc 7 RRRRRRRRRRRRRRRRR
1670148714908:sbcb 2
1670150740296:sa
1670150742976:sa 2
1670150744216:da 2
1670150768919:stacktrace
1670151326880:sa
1670151335975:ia "Ray Bradbury"
1670151347406:stacktrace
1670151413284:sa
1670151420011:ia "Ray Bradbury"
1670151434579:stacktrace
1670151568063:sa
1670151574685:ia "Ray Bradbury"
1670151631964:da 2
1670156274657:sa
1670156279072:ia Privet
1670156280000:sa
1670156282777:da 3
1670156287776:sa
1670156340606:da 2
1670156346150:stacktrace
1670156375829:da 2
1670156383084:stacktrace
1670156442481:da 2
1670156473601:sa
1670156474856:da 2
1670156581043:stacktrace
1670156617564:da 2
1670157403468:sa
1670157405386:da 2
1670157423505:da 1
1670157424601:sa
1670157436624:db 1
1670157438736:sa
1670157619598:db 2
1670157777644:sb
1670157779891:sa
1670157781523:da 1
1670157785498:ia AAAAAAAAAAA
1670157788561:sa
1670157792923:ua 3 BBBBBBBBBBBB
1670157794962:sa 3
1670157797778:da 3
1670157804281:a
1670157805337:ca
1670157809313:sg
1670157813529:dg 2
1670157816536:sg 2
1670157820754:ig FFFFFFFFFFFFFFFF
1670157823529:sg
1670157829057:ug 3 GGGGGGGGGGGGG
1670157837008:sg
1670157840511:cg
1670157842400:dg 3
1670157846744:sb
1670157852672:db 2
1670157854351:sb
1670157858999:sbcb 2
1670157863727:sbcb 1
1670157866135:sb
1670157873543:ib FFFFFFFFFFFFFFF 1 1
1670157875287:sb
1670157884958:ub 3 GGGGGGGGGGGGGGG 2 2
1670157888790:sb 3
1670157931844:sb
1670158094607:ib FFFFFFFFFFFFFF 1 1
1670158097109:sb 3
1670158101469:db 3
1670158103549:sb
1670158108501:sbc 2
1670158111093:sbcb 2
1670158129095:ibcb 2 EEEEEEEEEEEEEEEEEE
1670158138612:ibc 2 EEEEEEEEEEEEE
1670158141524:sbcb 2
1670158148004:ibcb 2 DDDDDDDDDDDDDDD
1670158154883:ibc 2 DDDDDDDDDDDDDDDD
1670158157034:sbcb 2
1670158163940:ubc 6 CCCCCCCCCCCCCCCCCCC
1670158166250:sbc 6
1670158168586:sbcb 2
1670158172306:dbc 6
1670158176058:sbcb 2
1670158181530:ibc 2 RRRRRRRRRRRRRRRRR
1670158184170:sbcb 2
1670158188722:cbc
1670158507174:da 1
1670313215731:ыф
1670313217063:sa
1670313218351:ca
1670313220879:sg
1670313222111:cg
1670313223960:sb
1670313351723:sa
1670313353586:ca
1670313355097:sg
1670313356249:cg
1670313361817:sbc
1670313366152:cbcb 2
1670313375328:cbcb 1
1670313382384:cbc
1670313386808:sbcb 2
1670313389159:sb
1670313390728:sb 1
1670313403319:sa 1
1670313406295:sg 1
1670313412062:sbc 1
1670313415223:sbcb 1
1670313418935:sb
1670313420166:cb
1670313424582:sb 1
1670313432774:stacktrace
1670313505836:sb 1
1670313758009:sb
1670313768871:sb 1
1670313815590:sb
1670313851966:sb 1
1670313854140:sb
1670313857428:cb
1670313996887:sb
1670314002919:ib AAAAAAAAAAAAAAAAAAAAAA 1 1
1670314005550:sb
1670314073229:ыи
1670314074700:sb
1670314082850:ca
1670314084307:cg
1670314087594:sb
1670314088715:sa
1670314093299:sb
1670314094562:sb 1
1670314099259:ib AAAAAAAAAAAAAAAAAA 1 2
1670314105106:sb
1670314108841:sb 3
1670314150746:sb
1670314153177:sb 1
1670314161400:ib AAAAAAAAAAAAAAAA 1 2
1670314164192:sb 3
1670314165415:sb
1670314171111:cb
1670314177039:ub 3 BBBBBBBBBBBBBBBBBBBB 1 1
1670314183982:sb
1670314264371:sb 1
1670314268564:ib AAAAAAAAAAAAA 1 1
1670314270027:sb
1670317166734:sbc 2
1670317171717:sbcb 2
1670337205233:sbcb 1
1670337209000:sb 1
1670337211016:db 1
1670345306677:sa
1670345309004:sa 1
1670345313659:sa 2
1670345327522:sg
1670345332306:sg 2
1670345333922:sb
1670345335162:sb 1
1670345336705:sb 2
1670345339545:sbc 1
1670345341929:sbcb 2
1670345425223:sb
1670345426518:sb 1
1670345428070:sb 2
1670345430989:sbcb 2
1670345436325:sbc 1
1670345441013:sbcb 2
1670345444030:stacktrace
1670345550130:sbcb 2
1670345723304:sbc 1
1670345727299:sbcb 2
1670345815568:sbc 1
1670345817750:sbcb 2
1670346275564:sbc 1
1670346277370:sbcb 2
1670346343657:sbc 1
1670346368040:sbcb 2
1670346919521:sa
1670346920912:sa 1
1670346924519:ca
1670346928784:ia DDDDDDDDDDD
1670346932479:ca
1670346934391:da 3
1670346935335:sa
1670346943071:ua 2 FFFFFFFFFFFF
1670346944894:sa
1670346946238:da 2
1670346950814:sa
1670346982557:sg
1670346984205:cg
1670346987677:ig GGGGGGGGGGGGGGGGG
1670346989708:sg
1670346995716:cg
1670346999813:ug 3 RRRRRRRRRRRRRRRRR
1670347000876:sg
1670347002492:dg 3
1670347003979:dg 2
1670347007780:sb
1670347011548:cb
1670347019180:ib RRRRRRRRRRRRRRRRRR 2 2
1670347021092:sb
1670347022372:sb 3
1670347029363:ub 3 FFFFFFFFFFFFFF 1 1
1670347031267:sb 3
1670347035555:db 3
1670347041634:cb
1670347043330:cbc
1670347046882:sbc 1
1670347049724:sbcb 1
1670347058483:ubc 1 RRRRRRRRRRRRRRRRRRR
1670347061210:sbc 1
1670347080313:sbcb 2
1670347083088:sbcb 1
1670347168767:ubc 1 RRRRRRRRRRRR
1670347177301:sbcb 1
1670347333912:sbcb 2
1670347344102:sbc 1
1670347349126:ubc 1 EEEEEEEEEEEEEEEE
1670347350989:sbc 1
1670347353605:sbcb 1
1670347366654:ibc 2 DDDDDDDDDDDDDDDDDDDDD
1670347368605:sbcb 2
1670347373572:cbc
1670347379668:db 2
1670347382044:sbcb 2
1670347386276:sb 2
1670347388300:sb
1670347390483:sbcb 1
1670407076828:sa
1670407079235:sb
1670407083730:sa
1670407085218:sa 1
1670407090850:ia RRRRRRRRRRRRRR
1670407093074:sa
1670407102298:ua 3 EEEEEEEEEEEEEEEEEE
1670407103602:sa 3
1670407104874:da 3
1670407123145:da 2
1670407125680:sa
1670407127351:sg
1670407130696:sg 1
1670407131880:ca
1670407133471:cg
1670407136520:sg
1670407139929:ig RRRRRRRRRRRRRRRRRR
1670407141215:sg
1670407142071:cg
1670407148281:ug 3 EEEEEEEEEEEEEEEEE
1670407151095:sg 3
1670407152848:dg 3
1670407157807:ug 2 DDDDDDDDDDDDDD
1670407160198:sg 2
1670407161110:sg
1670407165679:ua 1 EEEEEEEEEEEEEEEE
1670407167422:sa
1670407170078:sb
1670407172206:sb 1
1670407176726:cb
1670407190214:ib EEEEEEEEEEEEEE 1 1
1670407191397:sb
1670407198454:ub 3 RRRRRRRRRRRRRR 2 2
1670407200293:sb 3
1670407201917:db 3
1670407207349:sbcb 2
1670407211060:sbcb 1
1670407212997:sbc 1
1670407216053:db 2
1670407218100:sbcb 2
1670407221180:sbcb 1
1670407228900:ibc 1 EEEEEEEEEEEEEEE
1670407237571:sbcb 1
1670407299641:ubc 5 RRRRRRRRRRRRR
1670407301809:sbcb 1
1670407305089:cbc
1670407308824:sbc 5
1670407313496:dbc 1
1670407316648:sbcb 1
1670410878346:sb
1670410882634:ub 2 AAAAAAAAAAAAAAAAA
1670410895345:ub 2 AAAAAAAAAAAAAAAAAAAAA 1 1
1670410897648:sb
1670410908752:ib EEEE 1 1
1670410910543:sb
1670415644657:ub 2 AAAAAAAAAAAAAAAAAAAAAA 1 1
1670415646551:sb 2
1670415656591:sbcb 2
1670415803738:sb
1670415827921:ub 2 AAAAAAAAAAAAAAAAAA 1 1
1670415831504:sbcb 2
1670415905390:ua 1
1670415909917:ua 1 AAAAAAAAAAAAAAA
1670415913140:sa 1
1670415914653:sb
1670415954051:sbc 1
1670415956787:sbcb 1
1670415975954:ibc 1 AAAAAAAAAAAAAAAAA
1670415977938:sbcb 1
1670416012456:sb
1670416348316:sb 1
1670416358914:sb
1670417731880:sb 1
1670417963983:sb
1670417969870:sb 1
1670417997389:sb
1670418007636:sb 1
1670418030612:sb
1670418033746:sb 1
1670418103009:sa
1670418104183:sa 1
1670418109033:ub 1 DDDDDDDDDDDDD
1670418121416:ua 1 DDDDDDDDDDDD
1670418122311:sa
1670418126118:da 1
1670418127223:ca
1670418132095:ia RRRRRRRRRRRRRR
1670418132918:sa
1670418135246:da 3
1670418136798:sg
1670418138086:cg
1670418142056:ug 1 SSSSSSSSSSSSSSSSSSSS
1670418143134:sg
1670418146911:ig fffffffffffffffff
1670418148813:cg
1670418150693:sd
1670418152029:sg
1670418154133:sg 3
1670418158933:dg 3
1670418161077:sg
1670418164397:sb
1670418165877:sb 1
1670418180780:sb
1670418181700:cb
1670418185285:ib FFFFFFFFFFFFFFFFFFF 1 1
1670418189836:sb
1670418194756:ub 3 RRRRRRRRRRRRRRRRRRR 2 2
1670418201083:sb
1670418205427:cb
1670418207427:db 3
1670418213267:sb
1670418215979:sbcb 1
1670418217763:sbcb 2
1670418219347:sbc 1
1670418220867:bc
1670418222243:cbc
1670418230283:db 2
1670418237746:sbcb 2
1670418239882:sbcb 1
1670418242465:cbc
1670418247417:ibc 1 DDDDDDDDDDDDDDD
1670418251378:ibc 1 ERRRRRRRRRRRRRRR
1670418253168:sbcb 1
1670418255233:cbc
1670418257961:sbc 6
1670418261668:sbcb 1
1670418272945:ubc 6 RRRRRRRRRRRRRRRRRRRRR
1670418278377:ubc 6 6
1670418281616:sbc 6
1670418283337:sbcb 1
1670418288768:dbc 6
1670418290352:cbc
1670418296991:dg 1
1670867222904:sb
1670867224191:sa
1670867781656:sb
1670868019421:sb 1
1670868035661:sb
1670868037340:sb 1
1670868078916:sb
1670868080194:sb 1
1670868156928:sb
1670868159111:sb 1
1670868160495:sb
1670868192197:sb 1
1670869512416:sa
1670869514423:sa 1
1670869517711:ia HHHHHHHHHHHHHHHHHHHH
1670869518806:da
1670869520702:sa
1670869522606:da 3
1670869524702:sa
1670869600908:sg
1670869605091:ig RRRRRRRRRRRRRRRRRR
1670869606299:sg
1670869608179:dg 3
1670869611394:sbc
1670869615235:sbcb 2
1670869619898:sbc 4
1670869622514:dbc 4
1670869624594:sbcb 2
1670869633258:db 2
1670869647657:sb
1670869649640:db 2
1670869653760:sb 2
1670869658296:db 2
1670869682159:sbcb 2
1670869914135:db 2
1670869918743:ib $$$$$$$$$$$$$$$ 1 1
1670869920206:sb
1670869921717:sb 3
1670869926374:ibc 3 RRRRRRRRRRRRRRRRRRRR
1670869928182:sbcb
1670869930181:sbcb 3
1670870007946:sb
1670870012322:ub 3 FFFFFFFFFFFFFFFFFF 2 2
1670870013777:sb
1670870016081:sbcb 3
1670870120782:sbcb 2
1670870125566:ub 2 RRRRRRRRRRRRRRRRRRRRRRR 1 1
1670870127884:sbcb 2
1670870146693:sb
1670870148388:sbcb 2
1670870150571:db 2
1670870152452:sbcb 2
1670870157020:sb 2
1670870160067:sb
1670870161195:sb 1
1670870183164:sb
1670870232072:sb 2
1670870237785:ub 2 RRRRRRRRRRRRRRRRRRRRR 1 1
1670870239487:sbcb 2
1670870268895:ub 2 RRRRRRRRRRRRRRRRR 1 1
1670870271143:sbcb 2
1670870273623:sb
1670870275199:sbcb 1
1670870276686:sbcb 2
1670870506062:sb
1670870514078:ub 2 RRRRRRRRRRRRRRRRRRRR 1 1
1670870516597:sbcb 2
1670870518533:sbcb 1
