1668594039784:start
1668594530628:login Mik Evs
1668597486042:start
1668597491234:login
1668597504104:login Mik Evs
1668597508880:start
1668674709969:login
1668674714985:login Mik Evs
1668674718160:start
1668681344081:login Mik Evs
1668681345862:start
1668681467843:s
1668681471162:l Mik Evs
1668681472241:s
1668681512289:l M E
1668681514487:s
1668681583837:l M E
1668681584716:s
1668681686362:l M E
1668681687072:s
1668681884884:l M E
1668681886408:s
1668681891976:3
1668681977078:quit
1668681984518:exit
