1670077221943:sa
1670077230262:sa 1
1670077251853:ca
1670077265588:ia "Mark Manson"
1670077270012:sa
1670077437710:ia "Stalin"
1670077439372:sa
1670077442893:sb
1670077445988:sg
1670077450460:sa
1670077452052:sa 3
1670077459468:ia Stalin
1670077496395:ua 3 Hitler
1670077497810:sa
1670077521897:da 1
1670077524513:da 3
1670077525888:sa
1670077555303:sg
1670077556783:clear
1670077560008:sg
1670077561559:sg 1
1670077569206:ig Fuck
1670077572510:sg 3
1670077573934:sg
1670077582271:ug 3 Cunt
1670077584278:sg 3
1670077585382:sg
1670077598325:dg 1
1670077600517:dg 3
1670077602262:sg
1670077607981:sb
1670077707049:sb 1
1670077729377:ib "Fucking Great" 1 1
1670077876907:ib Awesome 1 1
1670077880562:sb
1670077980814:ub 3 Cool 2 2
1670078010676:sb
1670078020285:ub 3 Cool 1 1
1670078160704:sb
1670078167919:ub 2 DDDDDDDDDDDD 2 2
1670078184429:stacktrace
1670078232876:sb
1670078234795:sb 2
1670078242043:ub 2 AAAAAAAAAAAAAAAA 2 2
1670078577454:sb
1670078578964:sb 2
1670078582574:ub 2 AAAAAAAAAAAAAAAAAA 2 2
1670078588316:sb 2
1670079293990:db 2
1670079295486:sb
1670079301311:ib FFFFFFFFFFFFFFFFF 1 3
1670079306799:ib FFFFFFFFFFFFFFFFFFFFF 2 1
1670079309014:sb
1670148055649:sbc
1670148057759:sbc 1
1670148062335:sbc 2
1670148065167:sbcb 1
1670148593314:sbcb 2
1670148642087:dbc 4
1670148645814:sbcb 2
1670148665503:ibc 2 "Хахахахаха"
1670148672590:sbcb 2
1670148679286:ibc 2 FFFFFFFFFFFFF
1670148683078:ibc 2 DDDDDDDDDDDDD
1670148685340:sbcb 2
1670148695693:sbcb 1
1670148697692:sbcb 2
1670148710852:ubc 7 RRRRRRRRRRRRRRRRR
1670148714908:sbcb 2
1670150740296:sa
1670150742976:sa 2
1670150744216:da 2
1670150768919:stacktrace
1670151326880:sa
1670151335975:ia "Ray Bradbury"
1670151347406:stacktrace
1670151413284:sa
1670151420011:ia "Ray Bradbury"
1670151434579:stacktrace
1670151568063:sa
1670151574685:ia "Ray Bradbury"
1670151631964:da 2
1670156274657:sa
1670156279072:ia Privet
1670156280000:sa
1670156282777:da 3
1670156287776:sa
1670156340606:da 2
1670156346150:stacktrace
1670156375829:da 2
1670156383084:stacktrace
1670156442481:da 2
1670156473601:sa
1670156474856:da 2
1670156581043:stacktrace
1670156617564:da 2
1670157403468:sa
1670157405386:da 2
1670157423505:da 1
1670157424601:sa
1670157436624:db 1
1670157438736:sa
1670157619598:db 2
1670157777644:sb
1670157779891:sa
1670157781523:da 1
1670157785498:ia AAAAAAAAAAA
1670157788561:sa
1670157792923:ua 3 BBBBBBBBBBBB
1670157794962:sa 3
1670157797778:da 3
1670157804281:a
1670157805337:ca
1670157809313:sg
1670157813529:dg 2
1670157816536:sg 2
1670157820754:ig FFFFFFFFFFFFFFFF
1670157823529:sg
1670157829057:ug 3 GGGGGGGGGGGGG
1670157837008:sg
1670157840511:cg
1670157842400:dg 3
1670157846744:sb
1670157852672:db 2
1670157854351:sb
1670157858999:sbcb 2
1670157863727:sbcb 1
1670157866135:sb
1670157873543:ib FFFFFFFFFFFFFFF 1 1
1670157875287:sb
1670157884958:ub 3 GGGGGGGGGGGGGGG 2 2
1670157888790:sb 3
1670157931844:sb
1670158094607:ib FFFFFFFFFFFFFF 1 1
1670158097109:sb 3
1670158101469:db 3
1670158103549:sb
1670158108501:sbc 2
1670158111093:sbcb 2
1670158129095:ibcb 2 EEEEEEEEEEEEEEEEEE
1670158138612:ibc 2 EEEEEEEEEEEEE
1670158141524:sbcb 2
1670158148004:ibcb 2 DDDDDDDDDDDDDDD
1670158154883:ibc 2 DDDDDDDDDDDDDDDD
1670158157034:sbcb 2
1670158163940:ubc 6 CCCCCCCCCCCCCCCCCCC
1670158166250:sbc 6
1670158168586:sbcb 2
1670158172306:dbc 6
1670158176058:sbcb 2
1670158181530:ibc 2 RRRRRRRRRRRRRRRRR
1670158184170:sbcb 2
1670158188722:cbc
